The 100 most remembered c64 game tunes - Sundell & Birk	T/The 100 most remembered c6	A-Demos:0-9/100MostRememberedC64Tunes/100MostRememberedC64Tunes.slave
The Amplifier 2 - Dimension4	T/The Amplifier 2 - Dimensio	A-Demos:A/Amplifier2/Amplifier2.slave
The Audience is Listening - Taipan	T/The Audience is Listening	A-Demos:A/AudienceIsListening/AudienceIsListening.Slave
The Beginning - Byterapers	T/The Beginning - Byterapers	A-Demos:B/Beginning/Beginning.Slave
The Best of Pearl - Byte Busters	T/The Best of Pearl - Byte B	A-Demos:B/BestOfPearl/BestOfPearl.Slave
The Complete - Talent	T/The Complete - Talent	A-Demos:C/Complete/Complete.Slave
The drunk desert demo - Paradox Demo	T/The drunk desert demo - Pa	A-Demos:D/DrunkDesertDemo/DrunkDesertDemo.Slave
The Fantastic Art Of Tobias Richter - Crusaders	T/The Fantastic Art Of Tobia	A-Demos:F/FantasticArt/FantasticArt.slave
The Hunt for 7th October - Cryptoburners	T/The Hunt for 7th October -	A-Demos:H/HuntFor7thOctober/HuntFor7thOctober.Slave
The enemies musics III - The Enemies	T/The enemies musics III - T	A-Demos:M/Musics3/Musics3.Slave
The Musique Disk - Accession	T/The Musique Disk - Accessi	A-Demos:M/MusiqueDisk/MusiqueDisk.Slave
The Party II Slideshow - Decnite	T/The Party II Slideshow - D	A-Demos:P/Party2Slideshow/Party2Slideshow.Slave
The pink circle - Arcane	T/The pink circle - Arcane	A-Demos:P/PinkCircle/PinkCircle.Slave
The Punisher - Digital	T/The Punisher - Digital	A-Demos:P/Punisher/Punisher.Slave
Tuneshow IV (Spherical Dreams) - The Acoustic Revolution	T/Tuneshow IV Spherical Drea	A-Demos:S/SphericalDreams/SphericalDreams.Slave
TAG - Jetset,Skid Row	T/TAG - Jetset.Skid Row	A-Demos:T/Tag/Tag.Slave
Talktime 1 - Essence	T/Talktime 1 - Essence	A-Demos:T/Talktime1/Talktime1.Slave
Technomania - Shining 8	T/Technomania - Shining 8	A-Demos:T/Technomania/Technomania.Slave
Technomania 2 - Shining 8	T/Technomania 2 - Shining 8	A-Demos:T/Technomania2/Technomania2.Slave
Techno Trance - Bastards	T/Techno Trance - Bastards	A-Demos:T/TechnoTrance/TechnoTrance.slave
Techno Trance 3 - Bastards	T/Techno Trance 3 - Bastards	A-Demos:T/TechnoTrance3/TechnoTrance3.slave
TechTech - Sodan,Magician 42	T/TechTech - Sodan.Magician	A-Demos:T/Techtech/Techtech.Slave
Tekkno Bert -The Final Collapse- - Wildfire	T/Tekkno Bert -The Final Col	A-Demos:T/Tekknobert/Tekknobert.Slave
Tera Tunes - Alpha Flight	T/Tera Tunes - Alpha Flight	A-Demos:T/TeraTunes/TeraTunes.Slave
Tera Tunes II - Team-X	T/Tera Tunes II - Team-X	A-Demos:T/TeraTunes2/TeraTunes2.Slave
Terminal fuckup - Sanity	T/Terminal fuckup - Sanity	A-Demos:T/TerminalFuckup/TerminalFuckup.Slave
Testament - Katharsis	T/Testament - Katharsis	A-Demos:T/Testament/Testament.Slave
Thalion Sound demo - Thalion Demo	T/Thalion Sound demo - Thali	A-Demos:T/ThalionSoundDemo/ThalionSoundDemo.slave
Third dimension - Cryptoburners	T/Third dimension - Cryptobu	A-Demos:T/ThirdDimension/ThirdDimension.Slave
Titan Trax 1 - Titanics	T/Titan Trax 1 - Titanics	A-Demos:T/TitanTrax/TitanTrax.Slave
Toxic Ziemniak - Alchemy	T/Toxic Ziemniak - Alchemy	A-Demos:T/ToxicZiemniak/ToxicZiemniak.Slave
Trash - Digital	T/Trash - Digital	A-Demos:T/Trash/Trash.Slave
Trashcan - Wizzcat	T/Trashcan - Wizzcat	A-Demos:T/Trashcan/Trashcan.Slave
Tropical sunset - The Silents	T/Tropical sunset - The Sile	A-Demos:T/TropicalSunset/TropicalSunset.Slave
Tune Disk 1 - Concept	T/Tune Disk 1 - Concept	A-Demos:T/TuneDisk1/TuneDisk1.Slave
Tuneshow II - Prophets AG,The Acoustic Revolution	T/Tuneshow II - Prophets AG.	A-Demos:T/TuneShow2/TuneShow2.slave
Tuneshow III - The Acoustic Revolution	T/Tuneshow III - The Acousti	A-Demos:T/TuneShow3/TuneShow3.Slave
Turmoil - Sanity	T/Turmoil - Sanity	A-Demos:T/Turmoil/Turmoil.slave
Turrican Musicdisk - Andromeda	T/Turrican Musicdisk - Andro	A-Demos:T/TurricanMusicDisk/TurricanMusicDisk.slave
Turrican Music-Show - Spreadpoint	T/Turrican Music-Show - Spre	A-Demos:T/TurricanMusicShow/TurricanMusicShow.Slave
Tympanic Membrane - Panacea	T/Tympanic Membrane - Panace	A-Demos:T/TympanicMembrane/TympanicMembrane.Slave
The Ultimate Gameboy Simulator - Tetris - Symbiosis	T/The Ultimate Gameboy Simul	A-Demos:U/UltimateGameBoySimulator/UltimateGameBoySimulator.Slave
The Wall - Kefrens	T/The Wall - Kefrens	A-Demos:W/WallKefrens/WallKefrens.Slave
The White Room - Genesis (AFL)	T/The White Room - Genesis A	A-Demos:W/WhiteRoom/WhiteRoom.Slave