Absence of Light - Animators
Absolute Swedish 1 - Phew! Productions
Acid In The House - Northstar,The Silents
Acme Slideshow 1991 (Reflection of Perfection) - Acme (Amiga)
A Few Tunes by Dr. Awesome and Fleshbrain - The Crusaders
Alfred The Music Disk - Relay
Aloha - Rebels
Alpha & Omega - Pure Metal Coders
Amazing Tunes - Share And Enjoy,Megaforce
Amplifier 1 - Dimension 4
Analogia - Analog
Anarchy (announcetro/Silents fr last demo) - The Silents,Anarchy
Anarchy party slide - Razor 1911 AnarchyPartySlide
Animotion - Phenomena
Apocalypse - Gods
Art & Go! - Impulse (.hu)
Art of Noise 3 - Northtech
Art of Noise 4 - Northtech
Assemblo - World Industries
Assembly 1992 Slideshow - World Industries
Astrogate - Byterapers
Atmospherical Melodies - Carnage
Audio Dreams - Chaos
AudiOmega - Rebels
Audio-X - The Crusaders
Autumn nights - Palace
Adam McCrory Music Disk 1 - Adam McCrory