Can I Play With Madness ? - Defcon One
Capricorn One - Cydonia
Cebit'89 - Exact
Celebration - IT
Cerebral Delights - Goldfire
Checked implosion - Intryx
Chip Music Festival - Magnetic Fields
Chip Music Festival - Magnetic Fields
Chords - Foundation
Circle Scroller - United Forces
Clapping World - Subway
Coca Cola - Fraxion Demo
Coder Trash - Mexx
Color Crime - X-Trade
Coma - Rebels
Compact Music Disk 1 - Semtex
Compilation Disk - PowerLords
Concept Criminosical - Ruthless
Copper master - Angels
Crayon Shinchan - Melon Dezign
Crazy Sounds II - Team-X
Creamy Cranium 1 - Strangers
Crystal Symphonies - Phenomena
Crystal Symphonies 2 - Phenomena
Cutcreations - Static bytes
Cyber Sounds - Bastards