Sounddisk 2 -The Best of Grubi- - Brainstorm	S/Sounddisk 2 -The Best of G	A-Demos:B/BestOfGrubi/BestOfGrubi.Slave
Sane Sound - Academy	S/Sane Sound - Academy	A-Demos:S/SaneSounds/SaneSounds.slave
ScrewBalls - Phenomena	S/ScrewBalls - Phenomena	A-Demos:S/Screwballs/Screwballs.Slave
SCR Musax 2 - Scrapers	S/SCR Musax 2 - Scrapers	A-Demos:S/SCRMusax2/SCRMusax2.Slave
Seeing is believing - Anarchy	S/Seeing is believing - Anar	A-Demos:S/SeeingIsBelieving/SeeingIsBelieving.Slave
Sensenmann - United Forces	S/Sensenmann - United Forces	A-Demos:S/Sensenmann/Sensenmann.Slave
ShadowFire - Exact	S/ShadowFire - Exact	A-Demos:S/ShadowFire/ShadowFire.Slave
Shed Tears - Ozone	S/Shed Tears - Ozone	A-Demos:S/ShedTears/ShedTears.Slave
Sigh - Old Bulls	S/Sigh - Old Bulls	A-Demos:S/Sigh/Sigh.Slave
Smau 92 Music Disk - Nightfall	S/Smau 92 Music Disk - Night	A-Demos:S/Smau92MusicDisk/Smau92MusicDisk.Slave
Snap! - Rebels	S/Snap - Rebels	A-Demos:S/Snap/Snap.slave
Soft Movie - Genocide	S/Soft Movie - Genocide	A-Demos:S/SOFTMovie/SOFTMovie.Slave
Smell Of Shit (S.O.S) - Melon Dezign	S/Smell Of Shit S.O.S - Melo	A-Demos:S/SOS/SOS.Slave
Sound and Vision - Rebels	S/Sound and Vision - Rebels	A-Demos:S/SoundAndVision/SoundAndVision.Slave
Sound Atax Vol. 1 - Magnetic Fields	S/Sound Atax Vol. 1 - Magnet	A-Demos:S/SoundAtaxVol1/SoundAtaxVol1.Slave
Sound Atax Vol. 2 - Magnetic Fields	S/Sound Atax Vol. 2 - Magnet	A-Demos:S/SoundAtaxVol2/SoundAtaxVol2.Slave
Sound Atax Vol. 3 - Magnetic Fields	S/Sound Atax Vol. 3 - Magnet	A-Demos:S/SoundAtaxVol3/SoundAtaxVol3.Slave
Sound Barrier - Balance	S/Sound Barrier - Balance	A-Demos:S/SoundBarrier/SoundBarrier.Slave
Soundbox 2 - Alpha Flight 1970,Genesis (Alpha Flight)	S/Soundbox 2 - Alpha Flight	A-Demos:S/Soundbox2/Soundbox2.Slave
Sound De Light - Software Of Sweden	S/Sound De Light - Software	A-Demos:S/SoundDeLight/SoundDeLight.slave
Sound Disk 1 - Mygon	S/Sound Disk 1 - Mygon	A-Demos:S/SoundDisk1/SoundDisk1.Slave
Sound Disk 2 - Mygon	S/Sound Disk 2 - Mygon	A-Demos:S/SoundDisk2/SoundDisk2.Slave
Sound Disk - Zenith	S/Sound Disk - Zenith	A-Demos:S/SoundDiskPossessed/SoundDiskPossessed.Slave
Sound engine - Absence	S/Sound engine - Absence	A-Demos:S/SoundEngine/SoundEngine.Slave
Sound Engine 2 - Absence	S/Sound Engine 2 - Absence	A-Demos:S/SoundEngine2/SoundEngine2.Slave
Sound Erection - Shining 8	S/Sound Erection - Shining 8	A-Demos:S/SoundErection/SoundErection.Slave
Sound Highlights 1 - Timex	S/Sound Highlights 1 - Timex	A-Demos:S/SoundHighlights1/SoundHighlights1.Slave
Sound Mania 2 - Pussy	S/Sound Mania 2 - Pussy	A-Demos:S/SoundMania2Pussy/SoundMania2Pussy.Slave
Sound of Music 7 - Cave	S/Sound of Music 7 - Cave	A-Demos:S/SoundOfMusic7/SoundOfMusic7.slave
Sound of Silents - The Silents	S/Sound of Silents - The Sil	A-Demos:S/SoundOfSilents/SoundOfSilents.Slave
Soundquest 1 - Quest	S/Soundquest 1 - Quest	A-Demos:S/SoundQuest1/SoundQuest1.Slave
Sound Quest #2 - Quest	S/Sound Quest 2 - Quest	A-Demos:S/SoundQuest2/SoundQuest2.Slave
Soundrevolution 6 - Celtic	S/Soundrevolution 6 - Celtic	A-Demos:S/Soundrevolution6/Soundrevolution6.Slave
Sounds of Gnome - Mahoney & Kaktus,Northstar	S/Sounds of Gnome - Mahoney	A-Demos:S/SoundsOfGnome/SoundsOfGnome.slave
Soundtracker Injury 2 - Electronic Artists	S/Soundtracker Injury 2 - El	A-Demos:S/SoundtrackerInjury2/SoundtrackerInjury2.Slave
Soundtracker Injury 3 - Electronic Artists	S/Soundtracker Injury 3 - El	A-Demos:S/SoundtrackerInjury3/SoundtrackerInjury3.Slave
Soundtrip - Shadows	S/Soundtrip - Shadows	A-Demos:S/Soundtrip/Soundtrip.Slave
Spaced Out Vol. 1 - Magnetic Fields	S/Spaced Out Vol. 1 - Magnet	A-Demos:S/SpacedOutVol1/SpacedOutVol1.Slave
Spaced Out Vol. 2 - Magnetic Fields	S/Spaced Out Vol. 2 - Magnet	A-Demos:S/SpacedOutVol2/SpacedOutVol2.Slave
Spaceship - Doctor Mabuse Orgasm Crackings	S/Spaceship - Doctor Mabuse	A-Demos:S/Spaceship/Spaceship.Slave
Spasmolytic - Spaceballs	S/Spasmolytic - Spaceballs	A-Demos:S/Spasmolytic/Spasmolytic.slave
Spellcheck - Andromeda	S/Spellcheck - Andromeda	A-Demos:S/Spellcheck/Spellcheck.Slave
Stag 1 - BNK-Team	S/Stag 1 - BNK-Team	A-Demos:S/Stag1/Stag1.slave
Stag 2 - The BNK Team	S/Stag 2 - The BNK Team	A-Demos:S/Stag2/Stag2.slave
Stag 3 - BNK-Team	S/Stag 3 - BNK-Team	A-Demos:S/Stag3/Stag3.slave
Stag 4 - BNK-Team	S/Stag 4 - BNK-Team	A-Demos:S/Stag4/Stag4.slave
Stag 5 - BNK-Team	S/Stag 5 - BNK-Team	A-Demos:S/Stag5/Stag5.slave
Stag 6 - BNK-Team	S/Stag 6 - BNK-Team	A-Demos:S/Stag6/Stag6.slave
Stag EXTRA - BNK-Team	S/Stag EXTRA - BNK-Team	A-Demos:S/StagExtra/StagExtra.slave
Stag 1 - BNK-Team	S/Stag 1 - BNK-Team 	A-Demos:S/StagSeries/StagSeries.slave
Stateline - Complex	S/Stateline - Complex	A-Demos:S/Stateline/Stateline.Slave
Status quo - Mad elks	S/Status quo - Mad elks	A-Demos:S/StatusQuo/StatusQuo.Slave
Stereo Sounds - Eon	S/Stereo Sounds - Eon	A-Demos:S/StereoSounds/StereoSounds.Slave
Strange Dream #1 - Willow (Amiga)	S/Strange Dream 1 - Willow A	A-Demos:S/StrangeMusic1/StrangeMusic1.Slave
Strange Music 2 - Strange	S/Strange Music 2 - Strange	A-Demos:S/StrangeMusic2/StrangeMusic2.Slave
Strange Music 3 - Strange	S/Strange Music 3 - Strange	A-Demos:S/StrangeMusic3/StrangeMusic3.Slave
Subliminal Vision - Bass	S/Subliminal Vision - Bass	A-Demos:S/SubliminalVision/SubliminalVision.Slave
Sunset glow - Thrust	S/Sunset glow - Thrust	A-Demos:S/SunsetGlow/SunsetGlow.Slave
Sweet music - Crusaders	S/Sweet music - Crusaders	A-Demos:S/SweetMusic/SweetMusic.slave
Synthesis - Underground	S/Synthesis - Underground	A-Demos:S/Synthesis/Synthesis.Slave
Synthetic Power - Cave	S/Synthetic Power - Cave	A-Demos:S/SyntheticPower/SyntheticPower.Slave
Synthetic Vibes - Quartz	S/Synthetic Vibes - Quartz	A-Demos:S/SyntheticVibes/SyntheticVibes.Slave
System violation - Anarchy	S/System violation - Anarchy	A-Demos:S/SystemViolation/SystemViolation.Slave