Back 2 Base - Crusaders	B/Back 2 Base - Crusaders	A-Demos:B/Back2Base/Back2Base.Slave
Bacteria - The Crusaders	B/Bacteria - The Crusaders	A-Demos:B/Bacteria/Bacteria.slave
Banging Raves - Intuition	B/Banging Raves - Intuition	A-Demos:B/BangingRaves/BangingRaves.Slave
Banging Raves 2 - Intuition	B/Banging Raves 2 - Intuitio	A-Demos:B/BangingRaves2/BangingRaves2.Slave
Bard in a box - Academy	B/Bard in a box - Academy	A-Demos:B/BardInABox/BardInABox.slave
Basso Continuo - Fury	B/Basso Continuo - Fury	A-Demos:B/BassoContinuo/BassoContinuo.Slave
BBS Intro - Taurus Intro	B/BBS Intro - Taurus Intro	A-Demos:B/BBSIntro/BBSIntro.Slave
Beach Volley - Paradox Demo	B/Beach Volley - Paradox Dem	A-Demos:B/BeachVolleyDemo/BeachVolleyDemo.Slave
Beat Box - Warfalcons	B/Beat Box - Warfalcons	A-Demos:B/BeatBox/BeatBox.Slave
Beatvise - Ivory	B/Beatvise - Ivory	A-Demos:B/Beatvise/Beatvise.Slave
Best of RAF - Katharsis	B/Best of RAF - Katharsis	A-Demos:B/BestOfRAFVol1/BestOfRAFVol1.Slave
Beyond Justice - Dexion	B/Beyond Justice - Dexion	A-Demos:B/BeyondJustice/BeyondJustice.Slave
Big business - Defjam	B/Big business - Defjam	A-Demos:B/BigBusiness/BigBusiness.Slave
Black Energy - Hardline	B/Black Energy - Hardline	A-Demos:B/BlackEnergy/BlackEnergy.Slave
Black'n White Slide - Drifters,Pentagon (Amiga)	B/Blackn White Slide - Drift	A-Demos:B/BlackNWhite/BlackNWhite.Slave
Blasting - Gate	B/Blasting - Gate	A-Demos:B/Blasting/Blasting.Slave
Blue house 2 - Rebels	B/Blue house 2 - Rebels	A-Demos:B/BlueHouse2/BlueHouse2.slave
Blues House - The Silents	B/Blues House - The Silents	A-Demos:B/BluesHouse/BluesHouse.Slave
Bomb The Bass - Tuneshow 2 - The Top Boys	B/Bomb The Bass - Tuneshow 2	A-Demos:B/BombTheBassTuneshow2/BombTheBassTuneshow2.Slave
Boulder Demo - Tristar Demo	B/Boulder Demo - Tristar Dem	A-Demos:B/BoulderDemo/BoulderDemo.Slave
Breed CD1 - Nightbreed	B/Breed CD1 - Nightbreed	A-Demos:B/BreedCD1/BreedCD1.Slave
Bruno's Musicbox II - Gate	B/Brunos Musicbox II - Gate	A-Demos:B/BrunosMusicBox2/BrunosMusicBox2.Slave
Brunos box 3 - Anarchy	B/Brunos box 3 - Anarchy	A-Demos:B/BrunosMusicBox3/BrunosMusicBox3.Slave
Bubonic Plague - Bloodsuckers	B/Bubonic Plague - Bloodsuck	A-Demos:B/BubonicPlague/BubonicPlague.Slave
Burning Spear - The Dark Demon	B/Burning Spear - The Dark D	A-Demos:B/BurningSpear/BurningSpear.Slave