Back 2 Base - Crusaders
Bacteria - The Crusaders
Banging Raves - Intuition
Banging Raves 2 - Intuition
Bard in a box - Academy
Basso Continuo - Fury
BBS Intro - Taurus Intro
Beach Volley - Paradox Demo
Beat Box - Warfalcons
Beatvise - Ivory
Best of RAF - Katharsis
Beyond Justice - Dexion
Big business - Defjam
Black Energy - Hardline
Black'n White Slide - Drifters,Pentagon (Amiga)
Blasting - Gate
Blue house 2 - Rebels
Blues House - The Silents
Bomb The Bass - Tuneshow 2 - The Top Boys
Boulder Demo - Tristar Demo
Breed CD1 - Nightbreed
Bruno's Musicbox II - Gate
Brunos box 3 - Anarchy
Bubonic Plague - Bloodsuckers
Burning Spear - The Dark Demon